<?xml version="1.0" encoding="UTF-8" ?>
<testsuite tests="9" failures="0" name="com.smartbics.springdata.repositories.PersonRepositoryTest" time="6.64" errors="0" skipped="0">
  <properties>
[...]
</properties>
  <testcase classname="com.smartbics.springdata.repositories.PersonRepositoryTest" name="searchByCreditCardNumber" time="4.721"/>
  <testcase classname="com.smartbics.springdata.repositories.PersonRepositoryTest" name="findByNameContains" time="0.23"/>
  <testcase classname="com.smartbics.springdata.repositories.PersonRepositoryTest" name="delete" time="0.395"/>
  <testcase classname="com.smartbics.springdata.repositories.PersonRepositoryTest" name="findAll" time="0.24"/>
  <testcase classname="com.smartbics.springdata.repositories.PersonRepositoryTest" name="findOne" time="0.154"/>
  <testcase classname="com.smartbics.springdata.repositories.PersonRepositoryTest" name="findAllPagination" time="0.238"/>
  <testcase classname="com.smartbics.springdata.repositories.PersonRepositoryTest" name="createWithCard" time="0.236"/>
  <testcase classname="com.smartbics.springdata.repositories.PersonRepositoryTest" name="save" time="0.226"/>
  <testcase classname="com.smartbics.springdata.repositories.PersonRepositoryTest" name="findByAmount" time="0.2"/>
</testsuite>